# JRE version: OpenJDK Runtime Environment Temurin-21.0.10+7 (21.0.10+7) (build 21.0.10+7-LTS)
# Java VM: OpenJDK 64-Bit Server VM Temurin-21.0.10+7 (21.0.10+7-LTS, mixed mode, sharing, tiered, compressed oops, compressed class ptrs, g1 gc, windows-amd64)
GC Precious Log:
 CardTable entry size: 512
 Card Set container configuration: InlinePtr #cards 5 size 8 Array Of Cards #cards 12 size 40 Howl #buckets 4 coarsen threshold 1843 Howl Bitmap #cards 512 size 80 coarsen threshold 460 Card regions per heap region 1 cards per card region 2048
 CPUs: 12 total, 12 available
 Memory: 16108M
 Large Page Support: Disabled
 NUMA Support: Disabled
 Compressed Oops: Enabled (32-bit)
 Heap Region Size: 1M
 Heap Min Capacity: 256M
 Heap Initial Capacity: 256M
 Heap Max Capacity: 512M
 Pre-touch: Disabled
 Parallel Workers: 10
 Concurrent Workers: 3
 Concurrent Refinement Workers: 10
 Periodic GC: Disabled
Heap:
 garbage-first heap   total 524288K, used 423990K [0x00000000e0000000, 0x0000000100000000)
  region size 1024K, 220 young (225280K), 15 survivors (15360K)
 Metaspace       used 135532K, committed 137472K, reserved 458752K
  class space    used 18261K, committed 19200K, reserved 327680K
GC Heap History (20 events):
Event: 110.965 GC heap before
{Heap before GC invocations=195 (full 1):
 garbage-first heap   total 524288K, used 487487K [0x00000000e0000000, 0x0000000100000000)
  region size 1024K, 307 young (314368K), 16 survivors (16384K)
 Metaspace       used 85191K, committed 90496K, reserved 458752K
  class space    used 11544K, committed 13504K, reserved 327680K
}
Event: 110.975 GC heap after
{Heap after GC invocations=196 (full 1):
 garbage-first heap   total 524288K, used 189784K [0x00000000e0000000, 0x0000000100000000)
  region size 1024K, 16 young (16384K), 16 survivors (16384K)
 Metaspace       used 85191K, committed 90496K, reserved 458752K
  class space    used 11544K, committed 13504K, reserved 327680K
}
Event: 113.717 GC heap before
{Heap before GC invocations=196 (full 1):
 garbage-first heap   total 524288K, used 489816K [0x00000000e0000000, 0x0000000100000000)
  region size 1024K, 307 young (314368K), 16 survivors (16384K)
 Metaspace       used 105066K, committed 106432K, reserved 458752K
  class space    used 14038K, committed 14720K, reserved 327680K
}
Event: 113.733 GC heap after
{Heap after GC invocations=197 (full 1):
 garbage-first heap   total 524288K, used 444741K [0x00000000e0000000, 0x0000000100000000)
  region size 1024K, 26 young (26624K), 26 survivors (26624K)
 Metaspace       used 105066K, committed 106432K, reserved 458752K
  class space    used 14038K, committed 14720K, reserved 327680K
}
Event: 1464.004 GC heap before
{Heap before GC invocations=197 (full 1):
 garbage-first heap   total 524288K, used 493893K [0x00000000e0000000, 0x0000000100000000)
  region size 1024K, 75 young (76800K), 26 survivors (26624K)
 Metaspace       used 105540K, committed 106944K, reserved 458752K
  class space    used 14054K, committed 14720K, reserved 327680K
}
Event: 1464.247 GC heap after
{Heap after GC invocations=198 (full 1):
 garbage-first heap   total 524288K, used 466085K [0x00000000e0000000, 0x0000000100000000)
  region size 1024K, 4 young (4096K), 4 survivors (4096K)
 Metaspace       used 105540K, committed 106944K, reserved 458752K
  class space    used 14054K, committed 14720K, reserved 327680K
}
Event: 1465.281 GC heap before
{Heap before GC invocations=198 (full 1):
 garbage-first heap   total 524288K, used 488613K [0x00000000e0000000, 0x0000000100000000)
  region size 1024K, 32 young (32768K), 4 survivors (4096K)
 Metaspace       used 104857K, committed 106944K, reserved 458752K
  class space    used 13908K, committed 14720K, reserved 327680K
}
Event: 1465.287 GC heap after
{Heap after GC invocations=199 (full 1):
 garbage-first heap   total 524288K, used 448773K [0x00000000e0000000, 0x0000000100000000)
  region size 1024K, 2 young (2048K), 2 survivors (2048K)
 Metaspace       used 104857K, committed 106944K, reserved 458752K
  class space    used 13908K, committed 14720K, reserved 327680K
}
Event: 1465.575 GC heap before
{Heap before GC invocations=200 (full 1):
 garbage-first heap   total 524288K, used 494853K [0x00000000e0000000, 0x0000000100000000)
  region size 1024K, 47 young (48128K), 2 survivors (2048K)
 Metaspace       used 105086K, committed 106944K, reserved 458752K
  class space    used 13948K, committed 14720K, reserved 327680K
}
Event: 1465.581 GC heap after
{Heap after GC invocations=201 (full 1):
 garbage-first heap   total 524288K, used 449095K [0x00000000e0000000, 0x0000000100000000)
  region size 1024K, 3 young (3072K), 3 survivors (3072K)
 Metaspace       used 105086K, committed 106944K, reserved 458752K
  class space    used 13948K, committed 14720K, reserved 327680K
}
Event: 1466.521 GC heap before
{Heap before GC invocations=201 (full 1):
 garbage-first heap   total 524288K, used 494151K [0x00000000e0000000, 0x0000000100000000)
  region size 1024K, 47 young (48128K), 3 survivors (3072K)
 Metaspace       used 106659K, committed 108032K, reserved 458752K
  class space    used 14231K, committed 14912K, reserved 327680K
}
Event: 1466.527 GC heap after
{Heap after GC invocations=202 (full 1):
 garbage-first heap   total 524288K, used 397327K [0x00000000e0000000, 0x0000000100000000)
  region size 1024K, 4 young (4096K), 4 survivors (4096K)
 Metaspace       used 106659K, committed 108032K, reserved 458752K
  class space    used 14231K, committed 14912K, reserved 327680K
}
Event: 1469.330 GC heap before
{Heap before GC invocations=202 (full 1):
 garbage-first heap   total 524288K, used 498703K [0x00000000e0000000, 0x0000000100000000)
  region size 1024K, 98 young (100352K), 4 survivors (4096K)
 Metaspace       used 112329K, committed 113856K, reserved 458752K
  class space    used 15059K, committed 15808K, reserved 327680K
}
Event: 1469.352 GC heap after
{Heap after GC invocations=203 (full 1):
 garbage-first heap   total 524288K, used 358864K [0x00000000e0000000, 0x0000000100000000)
  region size 1024K, 12 young (12288K), 12 survivors (12288K)
 Metaspace       used 112329K, committed 113856K, reserved 458752K
  class space    used 15059K, committed 15808K, reserved 327680K
}
Event: 1473.118 GC heap before
{Heap before GC invocations=203 (full 1):
 garbage-first heap   total 524288K, used 493008K [0x00000000e0000000, 0x0000000100000000)
  region size 1024K, 144 young (147456K), 12 survivors (12288K)
 Metaspace       used 116444K, committed 118144K, reserved 458752K
  class space    used 15676K, committed 16512K, reserved 327680K
}
Event: 1473.136 GC heap after
{Heap after GC invocations=204 (full 1):
 garbage-first heap   total 524288K, used 311123K [0x00000000e0000000, 0x0000000100000000)
  region size 1024K, 15 young (15360K), 15 survivors (15360K)
 Metaspace       used 116444K, committed 118144K, reserved 458752K
  class space    used 15676K, committed 16512K, reserved 327680K
}
Event: 1477.634 GC heap before
{Heap before GC invocations=204 (full 1):
 garbage-first heap   total 524288K, used 492371K [0x00000000e0000000, 0x0000000100000000)
  region size 1024K, 193 young (197632K), 15 survivors (15360K)
 Metaspace       used 117100K, committed 118784K, reserved 458752K
  class space    used 15704K, committed 16512K, reserved 327680K
}
Event: 1477.651 GC heap after
{Heap after GC invocations=205 (full 1):
 garbage-first heap   total 524288K, used 259186K [0x00000000e0000000, 0x0000000100000000)
  region size 1024K, 11 young (11264K), 11 survivors (11264K)
 Metaspace       used 117100K, committed 118784K, reserved 458752K
  class space    used 15704K, committed 16512K, reserved 327680K
}
Event: 1481.631 GC heap before
{Heap before GC invocations=205 (full 1):
 garbage-first heap   total 524288K, used 493682K [0x00000000e0000000, 0x0000000100000000)
  region size 1024K, 240 young (245760K), 11 survivors (11264K)
 Metaspace       used 127624K, committed 129472K, reserved 458752K
  class space    used 17153K, committed 18048K, reserved 327680K
}
Event: 1481.656 GC heap after
{Heap after GC invocations=206 (full 1):
 garbage-first heap   total 524288K, used 215094K [0x00000000e0000000, 0x0000000100000000)
  region size 1024K, 15 young (15360K), 15 survivors (15360K)
 Metaspace       used 127624K, committed 129472K, reserved 458752K
  class space    used 17153K, committed 18048K, reserved 327680K
}

