# JRE version: OpenJDK Runtime Environment Temurin-21.0.10+7 (21.0.10+7) (build 21.0.10+7-LTS)
# Java VM: OpenJDK 64-Bit Server VM Temurin-21.0.10+7 (21.0.10+7-LTS, mixed mode, sharing, tiered, compressed oops, compressed class ptrs, g1 gc, windows-amd64)
GC Precious Log:
 CardTable entry size: 512
 Card Set container configuration: InlinePtr #cards 5 size 8 Array Of Cards #cards 12 size 40 Howl #buckets 4 coarsen threshold 1843 Howl Bitmap #cards 512 size 80 coarsen threshold 460 Card regions per heap region 1 cards per card region 2048
 CPUs: 12 total, 12 available
 Memory: 16108M
 Large Page Support: Disabled
 NUMA Support: Disabled
 Compressed Oops: Enabled (32-bit)
 Heap Region Size: 1M
 Heap Min Capacity: 256M
 Heap Initial Capacity: 256M
 Heap Max Capacity: 512M
 Pre-touch: Disabled
 Parallel Workers: 10
 Concurrent Workers: 3
 Concurrent Refinement Workers: 10
 Periodic GC: Disabled
Heap:
 garbage-first heap   total 269312K, used 181956K [0x00000000e0000000, 0x0000000100000000)
  region size 1024K, 72 young (73728K), 18 survivors (18432K)
 Metaspace       used 103280K, committed 105664K, reserved 458752K
  class space    used 14551K, committed 15680K, reserved 327680K
GC Heap History (20 events):
Event: 6.456 GC heap before
{Heap before GC invocations=9 (full 0):
 garbage-first heap   total 262144K, used 102374K [0x00000000e0000000, 0x0000000100000000)
  region size 1024K, 72 young (73728K), 15 survivors (15360K)
 Metaspace       used 58548K, committed 60288K, reserved 393216K
  class space    used 8593K, committed 9472K, reserved 327680K
}
Event: 6.465 GC heap after
{Heap after GC invocations=10 (full 0):
 garbage-first heap   total 262144K, used 52047K [0x00000000e0000000, 0x0000000100000000)
  region size 1024K, 13 young (13312K), 13 survivors (13312K)
 Metaspace       used 58548K, committed 60288K, reserved 393216K
  class space    used 8593K, committed 9472K, reserved 327680K
}
Event: 8.098 GC heap before
{Heap before GC invocations=11 (full 0):
 garbage-first heap   total 262144K, used 201551K [0x00000000e0000000, 0x0000000100000000)
  region size 1024K, 153 young (156672K), 13 survivors (13312K)
 Metaspace       used 71152K, committed 73152K, reserved 393216K
  class space    used 10438K, committed 11456K, reserved 327680K
}
Event: 8.106 GC heap after
{Heap after GC invocations=12 (full 0):
 garbage-first heap   total 262144K, used 66565K [0x00000000e0000000, 0x0000000100000000)
  region size 1024K, 15 young (15360K), 15 survivors (15360K)
 Metaspace       used 71152K, committed 73152K, reserved 393216K
  class space    used 10438K, committed 11456K, reserved 327680K
}
Event: 10.229 GC heap before
{Heap before GC invocations=12 (full 0):
 garbage-first heap   total 262144K, used 207877K [0x00000000e0000000, 0x0000000100000000)
  region size 1024K, 153 young (156672K), 15 survivors (15360K)
 Metaspace       used 75638K, committed 77824K, reserved 458752K
  class space    used 11130K, committed 12224K, reserved 327680K
}
Event: 10.239 GC heap after
{Heap after GC invocations=13 (full 0):
 garbage-first heap   total 262144K, used 75894K [0x00000000e0000000, 0x0000000100000000)
  region size 1024K, 20 young (20480K), 20 survivors (20480K)
 Metaspace       used 75638K, committed 77824K, reserved 458752K
  class space    used 11130K, committed 12224K, reserved 327680K
}
Event: 12.356 GC heap before
{Heap before GC invocations=13 (full 0):
 garbage-first heap   total 262144K, used 212086K [0x00000000e0000000, 0x0000000100000000)
  region size 1024K, 153 young (156672K), 20 survivors (20480K)
 Metaspace       used 77870K, committed 80064K, reserved 458752K
  class space    used 11329K, committed 12416K, reserved 327680K
}
Event: 12.367 GC heap after
{Heap after GC invocations=14 (full 0):
 garbage-first heap   total 262144K, used 83650K [0x00000000e0000000, 0x0000000100000000)
  region size 1024K, 7 young (7168K), 7 survivors (7168K)
 Metaspace       used 77870K, committed 80064K, reserved 458752K
  class space    used 11329K, committed 12416K, reserved 327680K
}
Event: 13.792 GC heap before
{Heap before GC invocations=14 (full 0):
 garbage-first heap   total 262144K, used 230082K [0x00000000e0000000, 0x0000000100000000)
  region size 1024K, 151 young (154624K), 7 survivors (7168K)
 Metaspace       used 86091K, committed 88384K, reserved 458752K
  class space    used 12418K, committed 13568K, reserved 327680K
}
Event: 13.801 GC heap after
{Heap after GC invocations=15 (full 0):
 garbage-first heap   total 262144K, used 87370K [0x00000000e0000000, 0x0000000100000000)
  region size 1024K, 11 young (11264K), 11 survivors (11264K)
 Metaspace       used 86091K, committed 88384K, reserved 458752K
  class space    used 12418K, committed 13568K, reserved 327680K
}
Event: 15.235 GC heap before
{Heap before GC invocations=15 (full 0):
 garbage-first heap   total 262144K, used 231754K [0x00000000e0000000, 0x0000000100000000)
  region size 1024K, 153 young (156672K), 11 survivors (11264K)
 Metaspace       used 93128K, committed 95488K, reserved 458752K
  class space    used 13345K, committed 14528K, reserved 327680K
}
Event: 15.243 GC heap after
{Heap after GC invocations=16 (full 0):
 garbage-first heap   total 262144K, used 91136K [0x00000000e0000000, 0x0000000100000000)
  region size 1024K, 14 young (14336K), 14 survivors (14336K)
 Metaspace       used 93128K, committed 95488K, reserved 458752K
  class space    used 13345K, committed 14528K, reserved 327680K
}
Event: 16.152 GC heap before
{Heap before GC invocations=16 (full 0):
 garbage-first heap   total 262144K, used 233472K [0x00000000e0000000, 0x0000000100000000)
  region size 1024K, 153 young (156672K), 14 survivors (14336K)
 Metaspace       used 96274K, committed 98624K, reserved 458752K
  class space    used 13765K, committed 14912K, reserved 327680K
}
Event: 16.161 GC heap after
{Heap after GC invocations=17 (full 0):
 garbage-first heap   total 262144K, used 93346K [0x00000000e0000000, 0x0000000100000000)
  region size 1024K, 13 young (13312K), 13 survivors (13312K)
 Metaspace       used 96274K, committed 98624K, reserved 458752K
  class space    used 13765K, committed 14912K, reserved 327680K
}
Event: 16.357 GC heap before
{Heap before GC invocations=17 (full 0):
 garbage-first heap   total 262144K, used 236706K [0x00000000e0000000, 0x0000000100000000)
  region size 1024K, 153 young (156672K), 13 survivors (13312K)
 Metaspace       used 96329K, committed 98688K, reserved 458752K
  class space    used 13766K, committed 14912K, reserved 327680K
}
Event: 16.367 GC heap after
{Heap after GC invocations=18 (full 0):
 garbage-first heap   total 262144K, used 97638K [0x00000000e0000000, 0x0000000100000000)
  region size 1024K, 13 young (13312K), 13 survivors (13312K)
 Metaspace       used 96329K, committed 98688K, reserved 458752K
  class space    used 13766K, committed 14912K, reserved 327680K
}
Event: 41.455 GC heap before
{Heap before GC invocations=18 (full 0):
 garbage-first heap   total 262144K, used 245094K [0x00000000e0000000, 0x0000000100000000)
  region size 1024K, 152 young (155648K), 13 survivors (13312K)
 Metaspace       used 97612K, committed 100096K, reserved 458752K
  class space    used 13885K, committed 15104K, reserved 327680K
}
Event: 41.464 GC heap after
{Heap after GC invocations=19 (full 0):
 garbage-first heap   total 269312K, used 112001K [0x00000000e0000000, 0x0000000100000000)
  region size 1024K, 18 young (18432K), 18 survivors (18432K)
 Metaspace       used 97612K, committed 100096K, reserved 458752K
  class space    used 13885K, committed 15104K, reserved 327680K
}
Event: 43.655 GC heap before
{Heap before GC invocations=19 (full 0):
 garbage-first heap   total 269312K, used 229761K [0x00000000e0000000, 0x0000000100000000)
  region size 1024K, 129 young (132096K), 18 survivors (18432K)
 Metaspace       used 98334K, committed 100736K, reserved 458752K
  class space    used 13969K, committed 15168K, reserved 327680K
}
Event: 43.664 GC heap after
{Heap after GC invocations=20 (full 0):
 garbage-first heap   total 269312K, used 125636K [0x00000000e0000000, 0x0000000100000000)
  region size 1024K, 18 young (18432K), 18 survivors (18432K)
 Metaspace       used 98334K, committed 100736K, reserved 458752K
  class space    used 13969K, committed 15168K, reserved 327680K
}

